<?xml version="1.0" encoding="UTF-8"?>
<testng-results ignored="0" total="1" passed="1" failed="0" skipped="0">
  <reporter-output>
  </reporter-output>
  <suite started-at="2025-08-12T21:21:24 IST" name="Default suite" finished-at="2025-08-12T21:21:42 IST" duration-ms="18163">
    <groups>
      <group name="cucumber">
        <method signature="AbstractTestNGCucumberTests.runScenario(io.cucumber.testng.PickleWrapper,io.cucumber.testng.FeatureWrapper)[pri:0, instance:runnerIO.RunnerClassForVtiger@279fedbd]" name="runScenario" class="io.cucumber.testng.AbstractTestNGCucumberTests"/>
      </group> <!-- cucumber -->
    </groups>
    <test started-at="2025-08-12T21:21:24 IST" name="Default test" finished-at="2025-08-12T21:21:42 IST" duration-ms="18163">
      <class name="runnerIO.RunnerClassForVtiger">
        <test-method is-config="true" signature="setUpClass(org.testng.ITestContext)[pri:0, instance:runnerIO.RunnerClassForVtiger@279fedbd]" started-at="2025-08-12T21:21:24 IST" name="setUpClass" finished-at="2025-08-12T21:21:24 IST" duration-ms="240" status="PASS">
          <params>
            <param index="0">
              <value>
                <![CDATA[org.testng.TestRunner@4ee33af7]]>
              </value>
            </param>
          </params>
          <reporter-output>
          </reporter-output>
        </test-method> <!-- setUpClass -->
        <test-method signature="runScenario(io.cucumber.testng.PickleWrapper,io.cucumber.testng.FeatureWrapper)[pri:0, instance:runnerIO.RunnerClassForVtiger@279fedbd]" started-at="2025-08-12T21:21:24 IST" name="runScenario" description="Runs Cucumber Scenarios" data-provider="scenarios" finished-at="2025-08-12T21:21:42 IST" duration-ms="17857" status="PASS">
          <params>
            <param index="0">
              <value>
                <![CDATA["Login to Vtiger application"]]>
              </value>
            </param>
            <param index="1">
              <value>
                <![CDATA["Login to App"]]>
              </value>
            </param>
          </params>
          <reporter-output>
          </reporter-output>
        </test-method> <!-- runScenario -->
        <test-method is-config="true" signature="tearDownClass()[pri:0, instance:runnerIO.RunnerClassForVtiger@279fedbd]" started-at="2025-08-12T21:21:42 IST" name="tearDownClass" finished-at="2025-08-12T21:21:42 IST" duration-ms="6" status="PASS">
          <reporter-output>
          </reporter-output>
        </test-method> <!-- tearDownClass -->
      </class> <!-- runnerIO.RunnerClassForVtiger -->
    </test> <!-- Default test -->
  </suite> <!-- Default suite -->
</testng-results>
